{"total": {"lines":{"total":0,"covered":0,"skipped":0,"pct":100},"statements":{"total":0,"covered":0,"skipped":0,"pct":100},"functions":{"total":0,"covered":0,"skipped":0,"pct":100},"branches":{"total":0,"covered":0,"skipped":0,"pct":100}}
,"E:/One/MCIO-CPE-StratusApplications/src/applications/feature-flag-admin/src/feature-flag-admin/admin-api.models.ts": {"lines":{"total":0,"covered":0,"skipped":0,"pct":0},"functions":{"total":0,"covered":0,"skipped":0,"pct":0},"statements":{"total":0,"covered":0,"skipped":0,"pct":0},"branches":{"total":0,"covered":0,"skipped":0,"pct":0}}
,"E:/One/MCIO-CPE-StratusApplications/src/applications/feature-flag-admin/src/feature-flag-admin/admin-api.service.ts": {"lines":{"total":0,"covered":0,"skipped":0,"pct":0},"functions":{"total":0,"covered":0,"skipped":0,"pct":0},"statements":{"total":0,"covered":0,"skipped":0,"pct":0},"branches":{"total":0,"covered":0,"skipped":0,"pct":0}}
,"E:/One/MCIO-CPE-StratusApplications/src/applications/feature-flag-admin/src/feature-flag-admin/feature-flag-admin.component.ts": {"lines":{"total":0,"covered":0,"skipped":0,"pct":0},"functions":{"total":0,"covered":0,"skipped":0,"pct":0},"statements":{"total":0,"covered":0,"skipped":0,"pct":0},"branches":{"total":0,"covered":0,"skipped":0,"pct":0}}
,"E:/One/MCIO-CPE-StratusApplications/src/applications/feature-flag-admin/src/feature-flag-admin/feature-flag-admin.module.ts": {"lines":{"total":0,"covered":0,"skipped":0,"pct":0},"functions":{"total":0,"covered":0,"skipped":0,"pct":0},"statements":{"total":0,"covered":0,"skipped":0,"pct":0},"branches":{"total":0,"covered":0,"skipped":0,"pct":0}}
,"E:/One/MCIO-CPE-StratusApplications/src/applications/feature-flag-admin/src/feature-flag-admin/feature-flag-admin.routing.module.ts": {"lines":{"total":0,"covered":0,"skipped":0,"pct":0},"functions":{"total":0,"covered":0,"skipped":0,"pct":0},"statements":{"total":0,"covered":0,"skipped":0,"pct":0},"branches":{"total":0,"covered":0,"skipped":0,"pct":0}}
,"E:/One/MCIO-CPE-StratusApplications/src/applications/feature-flag-admin/src/feature-flag-admin/feature-flag-admin.service.ts": {"lines":{"total":0,"covered":0,"skipped":0,"pct":0},"functions":{"total":0,"covered":0,"skipped":0,"pct":0},"statements":{"total":0,"covered":0,"skipped":0,"pct":0},"branches":{"total":0,"covered":0,"skipped":0,"pct":0}}
,"E:/One/MCIO-CPE-StratusApplications/src/applications/feature-flag-admin/src/feature-flag-admin/models.ts": {"lines":{"total":0,"covered":0,"skipped":0,"pct":0},"functions":{"total":0,"covered":0,"skipped":0,"pct":0},"statements":{"total":0,"covered":0,"skipped":0,"pct":0},"branches":{"total":0,"covered":0,"skipped":0,"pct":0}}
,"E:/One/MCIO-CPE-StratusApplications/src/applications/feature-flag-admin/src/feature-flag-admin/apps-view/apps-view.component.ts": {"lines":{"total":0,"covered":0,"skipped":0,"pct":0},"functions":{"total":0,"covered":0,"skipped":0,"pct":0},"statements":{"total":0,"covered":0,"skipped":0,"pct":0},"branches":{"total":0,"covered":0,"skipped":0,"pct":0}}
,"E:/One/MCIO-CPE-StratusApplications/src/applications/feature-flag-admin/src/feature-flag-admin/apps-view/app-flag/app-flag.component.ts": {"lines":{"total":0,"covered":0,"skipped":0,"pct":0},"functions":{"total":0,"covered":0,"skipped":0,"pct":0},"statements":{"total":0,"covered":0,"skipped":0,"pct":0},"branches":{"total":0,"covered":0,"skipped":0,"pct":0}}
,"E:/One/MCIO-CPE-StratusApplications/src/applications/feature-flag-admin/src/feature-flag-admin/apps-view/app-flag/add-edit-feature-flag.component/add-edit-feature-flag.component.ts": {"lines":{"total":0,"covered":0,"skipped":0,"pct":0},"functions":{"total":0,"covered":0,"skipped":0,"pct":0},"statements":{"total":0,"covered":0,"skipped":0,"pct":0},"branches":{"total":0,"covered":0,"skipped":0,"pct":0}}
,"E:/One/MCIO-CPE-StratusApplications/src/applications/feature-flag-admin/src/feature-flag-admin/apps-view/app-flag/grid-icon-cellrenderer/grid-icon-cellrenderer.component.ts": {"lines":{"total":0,"covered":0,"skipped":0,"pct":0},"functions":{"total":0,"covered":0,"skipped":0,"pct":0},"statements":{"total":0,"covered":0,"skipped":0,"pct":0},"branches":{"total":0,"covered":0,"skipped":0,"pct":0}}
,"E:/One/MCIO-CPE-StratusApplications/src/applications/feature-flag-admin/src/feature-flag-admin/apps-view/feature-flag-definition/feature-flag-definition.component.ts": {"lines":{"total":0,"covered":0,"skipped":0,"pct":0},"functions":{"total":0,"covered":0,"skipped":0,"pct":0},"statements":{"total":0,"covered":0,"skipped":0,"pct":0},"branches":{"total":0,"covered":0,"skipped":0,"pct":0}}
,"E:/One/MCIO-CPE-StratusApplications/src/applications/feature-flag-admin/src/feature-flag-admin/apps-view/feature-flag-definition/add-edit-feature-flag-def/add-edit-feature-flag-def.component.ts": {"lines":{"total":0,"covered":0,"skipped":0,"pct":0},"functions":{"total":0,"covered":0,"skipped":0,"pct":0},"statements":{"total":0,"covered":0,"skipped":0,"pct":0},"branches":{"total":0,"covered":0,"skipped":0,"pct":0}}
,"E:/One/MCIO-CPE-StratusApplications/src/applications/feature-flag-admin/src/feature-flag-admin/utils/custom-date-filter.ts": {"lines":{"total":0,"covered":0,"skipped":0,"pct":0},"functions":{"total":0,"covered":0,"skipped":0,"pct":0},"statements":{"total":0,"covered":0,"skipped":0,"pct":0},"branches":{"total":0,"covered":0,"skipped":0,"pct":0}}
}
